  ConvertSketch.cpp
  DrawMap.cpp
  DrawText.cpp
  Ghost.cpp
  GhostManager.cpp
  Howtoplay.cpp
  Howtoplay.h
  Main.cpp
  MainMenu.cpp
  MapCollision.cpp
  Pacman.cpp
  rain.cpp
  SnowAnimation.cpp
  Sound.cpp
  test.cpp
C:\Users\Oshika Neupane\OneDrive\Desktop\cpp_project\Project1\test.cpp(145,33): warning C4244: 'initializing': conversion from '_Rep' to 'unsigned int', possible loss of data
          with
          [
              _Rep=__int64
          ]
  test1.cpp
x64\Release\Howtoplay.obj : warning LNK4042: object specified more than once; extras ignored
test.obj : error LNK2005: main already defined in Source.obj
C:\Users\Oshika Neupane\OneDrive\Desktop\cpp_project\Project1\x64\Release\Project1.exe : fatal error LNK1169: one or more multiply defined symbols found
